[0.484s] Invoking command in '/home/shusei/ros2_ws/src/mypkg': PYTHONPATH=/home/shusei/ros2_ws/src/mypkg/install/mypkg/lib/python3.8/site-packages:${PYTHONPATH} /usr/bin/python3 setup.py egg_info --egg-base build/mypkg build --build-base /home/shusei/ros2_ws/src/mypkg/build/mypkg/build install --prefix /home/shusei/ros2_ws/src/mypkg/install/mypkg --record /home/shusei/ros2_ws/src/mypkg/build/mypkg/install.log --single-version-externally-managed
[0.615s] running egg_info
[0.615s] writing build/mypkg/mypkg.egg-info/PKG-INFO
[0.616s] writing dependency_links to build/mypkg/mypkg.egg-info/dependency_links.txt
[0.616s] writing entry points to build/mypkg/mypkg.egg-info/entry_points.txt
[0.617s] writing requirements to build/mypkg/mypkg.egg-info/requires.txt
[0.617s] writing top-level names to build/mypkg/mypkg.egg-info/top_level.txt
[0.641s] reading manifest file 'build/mypkg/mypkg.egg-info/SOURCES.txt'
[0.641s] writing manifest file 'build/mypkg/mypkg.egg-info/SOURCES.txt'
[0.642s] running build
[0.642s] running build_py
[0.642s] running install
[0.643s] running install_lib
[0.644s] running install_data
[0.644s] running install_egg_info
[0.645s] removing '/home/shusei/ros2_ws/src/mypkg/install/mypkg/lib/python3.8/site-packages/mypkg-0.0.0-py3.8.egg-info' (and everything under it)
[0.646s] Copying build/mypkg/mypkg.egg-info to /home/shusei/ros2_ws/src/mypkg/install/mypkg/lib/python3.8/site-packages/mypkg-0.0.0-py3.8.egg-info
[0.647s] running install_scripts
[0.660s] Installing listener script to /home/shusei/ros2_ws/src/mypkg/install/mypkg/lib/mypkg
[0.661s] Installing talker script to /home/shusei/ros2_ws/src/mypkg/install/mypkg/lib/mypkg
[0.661s] writing list of installed files to '/home/shusei/ros2_ws/src/mypkg/build/mypkg/install.log'
[0.677s] Invoked command in '/home/shusei/ros2_ws/src/mypkg' returned '0': PYTHONPATH=/home/shusei/ros2_ws/src/mypkg/install/mypkg/lib/python3.8/site-packages:${PYTHONPATH} /usr/bin/python3 setup.py egg_info --egg-base build/mypkg build --build-base /home/shusei/ros2_ws/src/mypkg/build/mypkg/build install --prefix /home/shusei/ros2_ws/src/mypkg/install/mypkg --record /home/shusei/ros2_ws/src/mypkg/build/mypkg/install.log --single-version-externally-managed
