[0.451s] Invoking command in '/home/shusei/ros2_ws/src/mypkg': PYTHONPATH=/home/shusei/ros2_ws/src/mypkg/build/mypkg/prefix_override:/home/shusei/ros2_ws/src/mypkg/install/mypkg/lib/python3.8/site-packages: /usr/bin/python3 setup.py egg_info --egg-base build/mypkg build --build-base /home/shusei/ros2_ws/src/mypkg/build/mypkg/build install --record /home/shusei/ros2_ws/src/mypkg/build/mypkg/install.log --install-scripts $base/lib/mypkg --single-version-externally-managed
[0.562s] running egg_info
[0.562s] writing build/mypkg/mypkg.egg-info/PKG-INFO
[0.562s] writing dependency_links to build/mypkg/mypkg.egg-info/dependency_links.txt
[0.562s] writing entry points to build/mypkg/mypkg.egg-info/entry_points.txt
[0.562s] writing requirements to build/mypkg/mypkg.egg-info/requires.txt
[0.562s] writing top-level names to build/mypkg/mypkg.egg-info/top_level.txt
[0.584s] reading manifest file 'build/mypkg/mypkg.egg-info/SOURCES.txt'
[0.585s] writing manifest file 'build/mypkg/mypkg.egg-info/SOURCES.txt'
[0.585s] running build
[0.585s] running build_py
[0.585s] copying mypkg/__init__.py -> /home/shusei/ros2_ws/src/mypkg/build/mypkg/build/lib/mypkg
[0.585s] running install
[0.586s] running install_lib
[0.586s] copying /home/shusei/ros2_ws/src/mypkg/build/mypkg/build/lib/mypkg/__init__.py -> /home/shusei/ros2_ws/src/mypkg/install/mypkg/lib/python3.8/site-packages/mypkg
[0.586s] byte-compiling /home/shusei/ros2_ws/src/mypkg/install/mypkg/lib/python3.8/site-packages/mypkg/__init__.py to __init__.cpython-38.pyc
[0.587s] running install_data
[0.587s] running install_egg_info
[0.588s] removing '/home/shusei/ros2_ws/src/mypkg/install/mypkg/lib/python3.8/site-packages/mypkg-0.0.0-py3.8.egg-info' (and everything under it)
[0.589s] Copying build/mypkg/mypkg.egg-info to /home/shusei/ros2_ws/src/mypkg/install/mypkg/lib/python3.8/site-packages/mypkg-0.0.0-py3.8.egg-info
[0.589s] running install_scripts
[0.600s] Installing listener script to /home/shusei/ros2_ws/src/mypkg/install/mypkg/lib/mypkg
[0.600s] Installing talker script to /home/shusei/ros2_ws/src/mypkg/install/mypkg/lib/mypkg
[0.600s] writing list of installed files to '/home/shusei/ros2_ws/src/mypkg/build/mypkg/install.log'
[0.615s] Invoked command in '/home/shusei/ros2_ws/src/mypkg' returned '0': PYTHONPATH=/home/shusei/ros2_ws/src/mypkg/build/mypkg/prefix_override:/home/shusei/ros2_ws/src/mypkg/install/mypkg/lib/python3.8/site-packages: /usr/bin/python3 setup.py egg_info --egg-base build/mypkg build --build-base /home/shusei/ros2_ws/src/mypkg/build/mypkg/build install --record /home/shusei/ros2_ws/src/mypkg/build/mypkg/install.log --install-scripts $base/lib/mypkg --single-version-externally-managed
