[0.346s] Invoking command in '/home/shusei/ros2_ws/src/mypkg': PYTHONPATH=/home/shusei/ros2_ws/src/mypkg/install/mypkg/lib/python3.8/site-packages: /usr/bin/python3 setup.py egg_info --egg-base build/mypkg build --build-base /home/shusei/ros2_ws/src/mypkg/build/mypkg/build install --prefix /home/shusei/ros2_ws/src/mypkg/install/mypkg --record /home/shusei/ros2_ws/src/mypkg/build/mypkg/install.log --single-version-externally-managed
[0.457s] running egg_info
[0.457s] writing build/mypkg/mypkg.egg-info/PKG-INFO
[0.457s] writing dependency_links to build/mypkg/mypkg.egg-info/dependency_links.txt
[0.458s] writing entry points to build/mypkg/mypkg.egg-info/entry_points.txt
[0.458s] writing requirements to build/mypkg/mypkg.egg-info/requires.txt
[0.458s] writing top-level names to build/mypkg/mypkg.egg-info/top_level.txt
[0.478s] reading manifest file 'build/mypkg/mypkg.egg-info/SOURCES.txt'
[0.478s] writing manifest file 'build/mypkg/mypkg.egg-info/SOURCES.txt'
[0.478s] running build
[0.478s] running build_py
[0.478s] running install
[0.479s] running install_lib
[0.480s] running install_data
[0.480s] copying package.xml -> /home/shusei/ros2_ws/src/mypkg/install/mypkg/share/mypkg
[0.480s] copying launch/talk_listen.launch.py -> /home/shusei/ros2_ws/src/mypkg/install/mypkg/share/mypkg
[0.480s] running install_egg_info
[0.481s] removing '/home/shusei/ros2_ws/src/mypkg/install/mypkg/lib/python3.8/site-packages/mypkg-0.0.0-py3.8.egg-info' (and everything under it)
[0.481s] Copying build/mypkg/mypkg.egg-info to /home/shusei/ros2_ws/src/mypkg/install/mypkg/lib/python3.8/site-packages/mypkg-0.0.0-py3.8.egg-info
[0.482s] running install_scripts
[0.491s] Installing listener script to /home/shusei/ros2_ws/src/mypkg/install/mypkg/lib/mypkg
[0.491s] Installing talker script to /home/shusei/ros2_ws/src/mypkg/install/mypkg/lib/mypkg
[0.492s] writing list of installed files to '/home/shusei/ros2_ws/src/mypkg/build/mypkg/install.log'
[0.505s] Invoked command in '/home/shusei/ros2_ws/src/mypkg' returned '0': PYTHONPATH=/home/shusei/ros2_ws/src/mypkg/install/mypkg/lib/python3.8/site-packages: /usr/bin/python3 setup.py egg_info --egg-base build/mypkg build --build-base /home/shusei/ros2_ws/src/mypkg/build/mypkg/build install --prefix /home/shusei/ros2_ws/src/mypkg/install/mypkg --record /home/shusei/ros2_ws/src/mypkg/build/mypkg/install.log --single-version-externally-managed
