[0.354s] Invoking command in '/home/shusei/ros2_ws/src/mypkg': PYTHONPATH=/home/shusei/ros2_ws/src/mypkg/install/mypkg/lib/python3.8/site-packages: /usr/bin/python3 setup.py egg_info --egg-base build/mypkg build --build-base /home/shusei/ros2_ws/src/mypkg/build/mypkg/build install --prefix /home/shusei/ros2_ws/src/mypkg/install/mypkg --record /home/shusei/ros2_ws/src/mypkg/build/mypkg/install.log --single-version-externally-managed
[0.472s] running egg_info
[0.472s] writing build/mypkg/mypkg.egg-info/PKG-INFO
[0.473s] writing dependency_links to build/mypkg/mypkg.egg-info/dependency_links.txt
[0.473s] writing entry points to build/mypkg/mypkg.egg-info/entry_points.txt
[0.473s] writing requirements to build/mypkg/mypkg.egg-info/requires.txt
[0.473s] writing top-level names to build/mypkg/mypkg.egg-info/top_level.txt
[0.496s] reading manifest file 'build/mypkg/mypkg.egg-info/SOURCES.txt'
[0.497s] writing manifest file 'build/mypkg/mypkg.egg-info/SOURCES.txt'
[0.497s] running build
[0.497s] running build_py
[0.497s] running install
[0.497s] running install_lib
[0.498s] running install_data
[0.498s] copying launch/talk_listen.launch.py -> /home/shusei/ros2_ws/src/mypkg/install/mypkg/share/mypkg
[0.498s] running install_egg_info
[0.499s] removing '/home/shusei/ros2_ws/src/mypkg/install/mypkg/lib/python3.8/site-packages/mypkg-0.0.0-py3.8.egg-info' (and everything under it)
[0.500s] Copying build/mypkg/mypkg.egg-info to /home/shusei/ros2_ws/src/mypkg/install/mypkg/lib/python3.8/site-packages/mypkg-0.0.0-py3.8.egg-info
[0.500s] running install_scripts
[0.511s] Installing listener script to /home/shusei/ros2_ws/src/mypkg/install/mypkg/lib/mypkg
[0.511s] Installing talker script to /home/shusei/ros2_ws/src/mypkg/install/mypkg/lib/mypkg
[0.511s] writing list of installed files to '/home/shusei/ros2_ws/src/mypkg/build/mypkg/install.log'
[0.526s] Invoked command in '/home/shusei/ros2_ws/src/mypkg' returned '0': PYTHONPATH=/home/shusei/ros2_ws/src/mypkg/install/mypkg/lib/python3.8/site-packages: /usr/bin/python3 setup.py egg_info --egg-base build/mypkg build --build-base /home/shusei/ros2_ws/src/mypkg/build/mypkg/build install --prefix /home/shusei/ros2_ws/src/mypkg/install/mypkg --record /home/shusei/ros2_ws/src/mypkg/build/mypkg/install.log --single-version-externally-managed
