[0.441s] Invoking command in '/home/shusei/ros2_ws/src/mypkg': PYTHONPATH=/home/shusei/ros2_ws/src/mypkg/install/mypkg/lib/python3.8/site-packages:${PYTHONPATH} /usr/bin/python3 setup.py egg_info --egg-base build/mypkg build --build-base /home/shusei/ros2_ws/src/mypkg/build/mypkg/build install --prefix /home/shusei/ros2_ws/src/mypkg/install/mypkg --record /home/shusei/ros2_ws/src/mypkg/build/mypkg/install.log --single-version-externally-managed
[0.576s] running egg_info
[0.576s] creating build/mypkg/mypkg.egg-info
[0.576s] writing build/mypkg/mypkg.egg-info/PKG-INFO
[0.576s] writing dependency_links to build/mypkg/mypkg.egg-info/dependency_links.txt
[0.577s] writing entry points to build/mypkg/mypkg.egg-info/entry_points.txt
[0.577s] writing requirements to build/mypkg/mypkg.egg-info/requires.txt
[0.577s] writing top-level names to build/mypkg/mypkg.egg-info/top_level.txt
[0.579s] writing manifest file 'build/mypkg/mypkg.egg-info/SOURCES.txt'
[0.604s] reading manifest file 'build/mypkg/mypkg.egg-info/SOURCES.txt'
[0.605s] writing manifest file 'build/mypkg/mypkg.egg-info/SOURCES.txt'
[0.605s] running build
[0.605s] running build_py
[0.605s] creating /home/shusei/ros2_ws/src/mypkg/build/mypkg/build
[0.606s] creating /home/shusei/ros2_ws/src/mypkg/build/mypkg/build/lib
[0.606s] creating /home/shusei/ros2_ws/src/mypkg/build/mypkg/build/lib/mypkg
[0.606s] copying mypkg/talker.py -> /home/shusei/ros2_ws/src/mypkg/build/mypkg/build/lib/mypkg
[0.606s] copying mypkg/listener.py -> /home/shusei/ros2_ws/src/mypkg/build/mypkg/build/lib/mypkg
[0.606s] copying mypkg/__init__.py -> /home/shusei/ros2_ws/src/mypkg/build/mypkg/build/lib/mypkg
[0.607s] running install
[0.607s] running install_lib
[0.608s] creating /home/shusei/ros2_ws/src/mypkg/install/mypkg/lib/python3.8/site-packages/mypkg
[0.608s] copying /home/shusei/ros2_ws/src/mypkg/build/mypkg/build/lib/mypkg/talker.py -> /home/shusei/ros2_ws/src/mypkg/install/mypkg/lib/python3.8/site-packages/mypkg
[0.608s] copying /home/shusei/ros2_ws/src/mypkg/build/mypkg/build/lib/mypkg/listener.py -> /home/shusei/ros2_ws/src/mypkg/install/mypkg/lib/python3.8/site-packages/mypkg
[0.608s] copying /home/shusei/ros2_ws/src/mypkg/build/mypkg/build/lib/mypkg/__init__.py -> /home/shusei/ros2_ws/src/mypkg/install/mypkg/lib/python3.8/site-packages/mypkg
[0.609s] byte-compiling /home/shusei/ros2_ws/src/mypkg/install/mypkg/lib/python3.8/site-packages/mypkg/talker.py to talker.cpython-38.pyc
[0.610s] byte-compiling /home/shusei/ros2_ws/src/mypkg/install/mypkg/lib/python3.8/site-packages/mypkg/listener.py to listener.cpython-38.pyc
[0.610s] byte-compiling /home/shusei/ros2_ws/src/mypkg/install/mypkg/lib/python3.8/site-packages/mypkg/__init__.py to __init__.cpython-38.pyc
[0.611s] running install_data
[0.611s] creating /home/shusei/ros2_ws/src/mypkg/install/mypkg/share/ament_index
[0.611s] creating /home/shusei/ros2_ws/src/mypkg/install/mypkg/share/ament_index/resource_index
[0.611s] creating /home/shusei/ros2_ws/src/mypkg/install/mypkg/share/ament_index/resource_index/packages
[0.612s] copying resource/mypkg -> /home/shusei/ros2_ws/src/mypkg/install/mypkg/share/ament_index/resource_index/packages
[0.612s] copying package.xml -> /home/shusei/ros2_ws/src/mypkg/install/mypkg/share/mypkg
[0.612s] running install_egg_info
[0.613s] Copying build/mypkg/mypkg.egg-info to /home/shusei/ros2_ws/src/mypkg/install/mypkg/lib/python3.8/site-packages/mypkg-0.0.0-py3.8.egg-info
[0.614s] running install_scripts
[0.627s] Installing listener script to /home/shusei/ros2_ws/src/mypkg/install/mypkg/lib/mypkg
[0.627s] Installing talker script to /home/shusei/ros2_ws/src/mypkg/install/mypkg/lib/mypkg
[0.628s] writing list of installed files to '/home/shusei/ros2_ws/src/mypkg/build/mypkg/install.log'
[0.647s] Invoked command in '/home/shusei/ros2_ws/src/mypkg' returned '0': PYTHONPATH=/home/shusei/ros2_ws/src/mypkg/install/mypkg/lib/python3.8/site-packages:${PYTHONPATH} /usr/bin/python3 setup.py egg_info --egg-base build/mypkg build --build-base /home/shusei/ros2_ws/src/mypkg/build/mypkg/build install --prefix /home/shusei/ros2_ws/src/mypkg/install/mypkg --record /home/shusei/ros2_ws/src/mypkg/build/mypkg/install.log --single-version-externally-managed
